E:\VS编写代码\SJEXERCISE_FILE_OPERATION\DEBUG\MAIN.OBJ
E:\VS编写代码\SJEXERCISE_FILE_OPERATION\DEBUG\VC110.PDB
E:\VS编写代码\SJEXERCISE_FILE_OPERATION\DEBUG\SJEXERCISE_FILE_OPERATION.ILK
E:\VS编写代码\SJEXERCISE_FILE_OPERATION\DEBUG\SJEXERCISE_FILE_OPERATION.EXE
E:\VS编写代码\SJEXERCISE_FILE_OPERATION\DEBUG\SJEXERCISE_FILE_OPERATION.PDB
E:\vs编写代码\sjexercise_file_operation\Debug\main.obj
E:\vs编写代码\sjexercise_file_operation\Debug\sjexercise_file_operation.ilk
E:\vs编写代码\sjexercise_file_operation\Debug\cl.command.1.tlog
E:\vs编写代码\sjexercise_file_operation\Debug\CL.read.1.tlog
E:\vs编写代码\sjexercise_file_operation\Debug\CL.write.1.tlog
E:\vs编写代码\sjexercise_file_operation\Debug\link-cvtres.read.1.tlog
E:\vs编写代码\sjexercise_file_operation\Debug\link-cvtres.write.1.tlog
E:\vs编写代码\sjexercise_file_operation\Debug\link-rc.read.1.tlog
E:\vs编写代码\sjexercise_file_operation\Debug\link-rc.write.1.tlog
E:\vs编写代码\sjexercise_file_operation\Debug\link.10580-cvtres.read.1.tlog
E:\vs编写代码\sjexercise_file_operation\Debug\link.10580-cvtres.write.1.tlog
E:\vs编写代码\sjexercise_file_operation\Debug\link.10580-rc.read.1.tlog
E:\vs编写代码\sjexercise_file_operation\Debug\link.10580-rc.write.1.tlog
E:\vs编写代码\sjexercise_file_operation\Debug\link.10580.read.1.tlog
E:\vs编写代码\sjexercise_file_operation\Debug\link.10580.write.1.tlog
E:\vs编写代码\sjexercise_file_operation\Debug\link.12644-cvtres.read.1.tlog
E:\vs编写代码\sjexercise_file_operation\Debug\link.12644-cvtres.write.1.tlog
E:\vs编写代码\sjexercise_file_operation\Debug\link.12644-rc.read.1.tlog
E:\vs编写代码\sjexercise_file_operation\Debug\link.12644-rc.write.1.tlog
E:\vs编写代码\sjexercise_file_operation\Debug\link.12644.read.1.tlog
E:\vs编写代码\sjexercise_file_operation\Debug\link.12644.write.1.tlog
E:\vs编写代码\sjexercise_file_operation\Debug\link.13436-cvtres.read.1.tlog
E:\vs编写代码\sjexercise_file_operation\Debug\link.13436-cvtres.write.1.tlog
E:\vs编写代码\sjexercise_file_operation\Debug\link.13436-rc.read.1.tlog
E:\vs编写代码\sjexercise_file_operation\Debug\link.13436-rc.write.1.tlog
E:\vs编写代码\sjexercise_file_operation\Debug\link.13436.read.1.tlog
E:\vs编写代码\sjexercise_file_operation\Debug\link.13436.write.1.tlog
E:\vs编写代码\sjexercise_file_operation\Debug\link.9572-cvtres.read.1.tlog
E:\vs编写代码\sjexercise_file_operation\Debug\link.9572-cvtres.write.1.tlog
E:\vs编写代码\sjexercise_file_operation\Debug\link.9572-rc.read.1.tlog
E:\vs编写代码\sjexercise_file_operation\Debug\link.9572-rc.write.1.tlog
E:\vs编写代码\sjexercise_file_operation\Debug\link.9572.read.1.tlog
E:\vs编写代码\sjexercise_file_operation\Debug\link.9572.write.1.tlog
E:\vs编写代码\sjexercise_file_operation\Debug\link.command.1.tlog
E:\vs编写代码\sjexercise_file_operation\Debug\link.read.1.tlog
E:\vs编写代码\sjexercise_file_operation\Debug\link.write.1.tlog
E:\vs编写代码\sjexercise_file_operation\Debug\vc110.idb
E:\vs编写代码\sjexercise_file_operation\Debug\sjexercise_file_operation.pdb
E:\vs编写代码\sjexercise_file_operation\Debug\vc110.pdb
E:\vs编写代码\sjexercise_file_operation\Debug\sjexercise_file_operation.exe
