E:\VS编写代码\SJEXERCISE_BINARYTREE_SEARCH\DEBUG\VC110.PDB
E:\VS编写代码\SJEXERCISE_BINARYTREE_SEARCH\DEBUG\BINSERTREE_MAIN.OBJ
E:\vs编写代码\sjexercise_BinaryTree_search\Debug\binsertree_main.obj
E:\vs编写代码\sjexercise_BinaryTree_search\Debug\cl.command.1.tlog
E:\vs编写代码\sjexercise_BinaryTree_search\Debug\CL.read.1.tlog
E:\vs编写代码\sjexercise_BinaryTree_search\Debug\CL.write.1.tlog
E:\vs编写代码\sjexercise_BinaryTree_search\Debug\link-cvtres.read.1.tlog
E:\vs编写代码\sjexercise_BinaryTree_search\Debug\link-cvtres.write.1.tlog
E:\vs编写代码\sjexercise_BinaryTree_search\Debug\link-rc.read.1.tlog
E:\vs编写代码\sjexercise_BinaryTree_search\Debug\link-rc.write.1.tlog
E:\vs编写代码\sjexercise_BinaryTree_search\Debug\link.2348-cvtres.read.1.tlog
E:\vs编写代码\sjexercise_BinaryTree_search\Debug\link.2348-cvtres.write.1.tlog
E:\vs编写代码\sjexercise_BinaryTree_search\Debug\link.2348-rc.read.1.tlog
E:\vs编写代码\sjexercise_BinaryTree_search\Debug\link.2348-rc.write.1.tlog
E:\vs编写代码\sjexercise_BinaryTree_search\Debug\link.2348.read.1.tlog
E:\vs编写代码\sjexercise_BinaryTree_search\Debug\link.2348.write.1.tlog
E:\vs编写代码\sjexercise_BinaryTree_search\Debug\link.command.1.tlog
E:\vs编写代码\sjexercise_BinaryTree_search\Debug\link.read.1.tlog
E:\vs编写代码\sjexercise_BinaryTree_search\Debug\link.write.1.tlog
E:\vs编写代码\sjexercise_BinaryTree_search\Debug\vc110.idb
E:\vs编写代码\sjexercise_BinaryTree_search\Debug\sjexercise_BinaryTree_search.pdb
E:\vs编写代码\sjexercise_BinaryTree_search\Debug\vc110.pdb
