Build started 2013/11/16 星期六 19:52:08.
     1>Project "E:\vs编写代码\sjexercise_CreateBinaryTree\sjexercise_CreateBinaryTree.vcxproj" on node 2 (Build target(s)).
     1>InitializeBuildStatus:
         Creating "Debug\sjexercise_CreateBinaryTree.unsuccessfulbuild" because "AlwaysCreate" was specified.
       ClCompile:
         D:\vs2012\VC\bin\CL.exe /c /ZI /nologo /W3 /WX- /Od /Oy- /D WIN32 /D _DEBUG /D _CONSOLE /D _UNICODE /D UNICODE /Gm /EHsc /RTC1 /MDd /GS /fp:precise /Zc:wchar_t /Zc:forScope /Fo"Debug\\" /Fd"Debug\vc110.pdb" /Gd /TP /analyze- /errorReport:prompt main.cpp
         main.cpp
     1>e:\vs编写代码\sjexercise_createbinarytree\binarytree.h(324): warning C4101: 'i' : unreferenced local variable
                 e:\vs编写代码\sjexercise_createbinarytree\binarytree.h(323) : while compiling class template member function 'void BinaryTree<T>::createBinTreePre(BinaryTreeNode<T> *&,std::string,std::string)'
                 with
                 [
                     T=char
                 ]
                 e:\vs编写代码\sjexercise_createbinarytree\main.cpp(42) : see reference to function template instantiation 'void BinaryTree<T>::createBinTreePre(BinaryTreeNode<T> *&,std::string,std::string)' being compiled
                 with
                 [
                     T=char
                 ]
                 e:\vs编写代码\sjexercise_createbinarytree\main.cpp(8) : see reference to class template instantiation 'BinaryTree<T>' being compiled
                 with
                 [
                     T=char
                 ]
     1>e:\vs编写代码\sjexercise_createbinarytree\binarytree.h(344): warning C4101: 'i' : unreferenced local variable
                 e:\vs编写代码\sjexercise_createbinarytree\binarytree.h(343) : while compiling class template member function 'void BinaryTree<T>::createBinTreePost(BinaryTreeNode<T> *&,std::string,std::string)'
                 with
                 [
                     T=char
                 ]
                 e:\vs编写代码\sjexercise_createbinarytree\main.cpp(57) : see reference to function template instantiation 'void BinaryTree<T>::createBinTreePost(BinaryTreeNode<T> *&,std::string,std::string)' being compiled
                 with
                 [
                     T=char
                 ]
       Link:
         D:\vs2012\VC\bin\link.exe /ERRORREPORT:PROMPT /OUT:"E:\vs编写代码\sjexercise_CreateBinaryTree\Debug\sjexercise_CreateBinaryTree.exe" /INCREMENTAL /NOLOGO kernel32.lib user32.lib gdi32.lib winspool.lib comdlg32.lib advapi32.lib shell32.lib ole32.lib oleaut32.lib uuid.lib odbc32.lib odbccp32.lib /MANIFEST /MANIFESTUAC:"level='asInvoker' uiAccess='false'" /manifest:embed /DEBUG /PDB:"E:\vs编写代码\sjexercise_CreateBinaryTree\Debug\sjexercise_CreateBinaryTree.pdb" /SUBSYSTEM:CONSOLE /TLBID:1 /DYNAMICBASE /NXCOMPAT /IMPLIB:"E:\vs编写代码\sjexercise_CreateBinaryTree\Debug\sjexercise_CreateBinaryTree.lib" /MACHINE:X86 Debug\main.obj
         sjexercise_CreateBinaryTree.vcxproj -> E:\vs编写代码\sjexercise_CreateBinaryTree\Debug\sjexercise_CreateBinaryTree.exe
       FinalizeBuildStatus:
         Deleting file "Debug\sjexercise_CreateBinaryTree.unsuccessfulbuild".
         Touching "Debug\sjexercise_CreateBinaryTree.lastbuildstate".
     1>Done Building Project "E:\vs编写代码\sjexercise_CreateBinaryTree\sjexercise_CreateBinaryTree.vcxproj" (Build target(s)).

Build succeeded.

Time Elapsed 00:00:01.75
