E:\VS编写代码\SJEXERCISE_CREATEBINARYTREE\DEBUG\VC110.PDB
E:\VS编写代码\SJEXERCISE_CREATEBINARYTREE\DEBUG\MAIN.OBJ
E:\VS编写代码\SJEXERCISE_CREATEBINARYTREE\DEBUG\SJEXERCISE_CREATEBINARYTREE.ILK
E:\VS编写代码\SJEXERCISE_CREATEBINARYTREE\DEBUG\SJEXERCISE_CREATEBINARYTREE.EXE
E:\VS编写代码\SJEXERCISE_CREATEBINARYTREE\DEBUG\SJEXERCISE_CREATEBINARYTREE.PDB
E:\vs编写代码\sjexercise_CreateBinaryTree\Debug\main.obj
E:\vs编写代码\sjexercise_CreateBinaryTree\Debug\sjexercise_CreateBinaryTree.ilk
E:\vs编写代码\sjexercise_CreateBinaryTree\Debug\cl.command.1.tlog
E:\vs编写代码\sjexercise_CreateBinaryTree\Debug\CL.read.1.tlog
E:\vs编写代码\sjexercise_CreateBinaryTree\Debug\CL.write.1.tlog
E:\vs编写代码\sjexercise_CreateBinaryTree\Debug\link-cvtres.read.1.tlog
E:\vs编写代码\sjexercise_CreateBinaryTree\Debug\link-cvtres.write.1.tlog
E:\vs编写代码\sjexercise_CreateBinaryTree\Debug\link-rc.read.1.tlog
E:\vs编写代码\sjexercise_CreateBinaryTree\Debug\link-rc.write.1.tlog
E:\vs编写代码\sjexercise_CreateBinaryTree\Debug\link.10096-cvtres.read.1.tlog
E:\vs编写代码\sjexercise_CreateBinaryTree\Debug\link.10096-cvtres.write.1.tlog
E:\vs编写代码\sjexercise_CreateBinaryTree\Debug\link.10096-rc.read.1.tlog
E:\vs编写代码\sjexercise_CreateBinaryTree\Debug\link.10096-rc.write.1.tlog
E:\vs编写代码\sjexercise_CreateBinaryTree\Debug\link.10096.read.1.tlog
E:\vs编写代码\sjexercise_CreateBinaryTree\Debug\link.10096.write.1.tlog
E:\vs编写代码\sjexercise_CreateBinaryTree\Debug\link.24100-cvtres.read.1.tlog
E:\vs编写代码\sjexercise_CreateBinaryTree\Debug\link.24100-cvtres.write.1.tlog
E:\vs编写代码\sjexercise_CreateBinaryTree\Debug\link.24100-rc.read.1.tlog
E:\vs编写代码\sjexercise_CreateBinaryTree\Debug\link.24100-rc.write.1.tlog
E:\vs编写代码\sjexercise_CreateBinaryTree\Debug\link.24100.read.1.tlog
E:\vs编写代码\sjexercise_CreateBinaryTree\Debug\link.24100.write.1.tlog
E:\vs编写代码\sjexercise_CreateBinaryTree\Debug\link.5456-cvtres.read.1.tlog
E:\vs编写代码\sjexercise_CreateBinaryTree\Debug\link.5456-cvtres.write.1.tlog
E:\vs编写代码\sjexercise_CreateBinaryTree\Debug\link.5456-rc.read.1.tlog
E:\vs编写代码\sjexercise_CreateBinaryTree\Debug\link.5456-rc.write.1.tlog
E:\vs编写代码\sjexercise_CreateBinaryTree\Debug\link.5456.read.1.tlog
E:\vs编写代码\sjexercise_CreateBinaryTree\Debug\link.5456.write.1.tlog
E:\vs编写代码\sjexercise_CreateBinaryTree\Debug\link.8500-cvtres.read.1.tlog
E:\vs编写代码\sjexercise_CreateBinaryTree\Debug\link.8500-cvtres.write.1.tlog
E:\vs编写代码\sjexercise_CreateBinaryTree\Debug\link.8500-rc.read.1.tlog
E:\vs编写代码\sjexercise_CreateBinaryTree\Debug\link.8500-rc.write.1.tlog
E:\vs编写代码\sjexercise_CreateBinaryTree\Debug\link.8500.read.1.tlog
E:\vs编写代码\sjexercise_CreateBinaryTree\Debug\link.8500.write.1.tlog
E:\vs编写代码\sjexercise_CreateBinaryTree\Debug\link.8808-cvtres.read.1.tlog
E:\vs编写代码\sjexercise_CreateBinaryTree\Debug\link.8808-cvtres.write.1.tlog
E:\vs编写代码\sjexercise_CreateBinaryTree\Debug\link.8808-rc.read.1.tlog
E:\vs编写代码\sjexercise_CreateBinaryTree\Debug\link.8808-rc.write.1.tlog
E:\vs编写代码\sjexercise_CreateBinaryTree\Debug\link.8808.read.1.tlog
E:\vs编写代码\sjexercise_CreateBinaryTree\Debug\link.8808.write.1.tlog
E:\vs编写代码\sjexercise_CreateBinaryTree\Debug\link.9104-cvtres.read.1.tlog
E:\vs编写代码\sjexercise_CreateBinaryTree\Debug\link.9104-cvtres.write.1.tlog
E:\vs编写代码\sjexercise_CreateBinaryTree\Debug\link.9104-rc.read.1.tlog
E:\vs编写代码\sjexercise_CreateBinaryTree\Debug\link.9104-rc.write.1.tlog
E:\vs编写代码\sjexercise_CreateBinaryTree\Debug\link.9104.read.1.tlog
E:\vs编写代码\sjexercise_CreateBinaryTree\Debug\link.9104.write.1.tlog
E:\vs编写代码\sjexercise_CreateBinaryTree\Debug\link.command.1.tlog
E:\vs编写代码\sjexercise_CreateBinaryTree\Debug\link.read.1.tlog
E:\vs编写代码\sjexercise_CreateBinaryTree\Debug\link.write.1.tlog
E:\vs编写代码\sjexercise_CreateBinaryTree\Debug\vc110.idb
E:\vs编写代码\sjexercise_CreateBinaryTree\Debug\sjexercise_CreateBinaryTree.pdb
E:\vs编写代码\sjexercise_CreateBinaryTree\Debug\vc110.pdb
E:\vs编写代码\sjexercise_CreateBinaryTree\Debug\sjexercise_CreateBinaryTree.exe
